{"C:\\Users\\rakes\\Desktop\\myRetail\\container.js": {"path":"C:\\Users\\rakes\\Desktop\\myRetail\\container.js","statementMap":{"0":{"start":{"line":4,"column":16},"end":{"line":10,"column":1}},"1":{"start":{"line":5,"column":4},"end":{"line":9,"column":6}}},"fnMap":{"0":{"name":"(anonymous_0)","decl":{"start":{"line":4,"column":16},"end":{"line":4,"column":17}},"loc":{"start":{"line":4,"column":20},"end":{"line":10,"column":1}},"line":4}},"branchMap":{},"s":{"0":1,"1":1},"f":{"0":1},"b":{},"_coverageSchema":"332fd63041d2c1bcb487cc26dd0d5f7d97098a6c","hash":"4de31f499cd82223c96b7cb103b71d370b083781"}
,"C:\\Users\\rakes\\Desktop\\myRetail\\empty-module.js": {"path":"C:\\Users\\rakes\\Desktop\\myRetail\\empty-module.js","statementMap":{"0":{"start":{"line":1,"column":0},"end":{"line":1,"column":17}}},"fnMap":{},"branchMap":{},"s":{"0":3},"f":{},"b":{},"_coverageSchema":"332fd63041d2c1bcb487cc26dd0d5f7d97098a6c","hash":"4cf4fff5df48710681e4045c28627320cd3eef5f"}
,"C:\\Users\\rakes\\Desktop\\myRetail\\src\\actions\\types.js": {"path":"C:\\Users\\rakes\\Desktop\\myRetail\\src\\actions\\types.js","statementMap":{"0":{"start":{"line":1,"column":18},"end":{"line":1,"column":31}}},"fnMap":{},"branchMap":{},"s":{"0":5},"f":{},"b":{},"_coverageSchema":"332fd63041d2c1bcb487cc26dd0d5f7d97098a6c","hash":"741e90df979f72c6d449e60bf8b4eb98d01f1abe"}
,"C:\\Users\\rakes\\Desktop\\myRetail\\src\\actions\\item\\index.js": {"path":"C:\\Users\\rakes\\Desktop\\myRetail\\src\\actions\\item\\index.js","statementMap":{"0":{"start":{"line":1,"column":13},"end":{"line":1,"column":36}},"1":{"start":{"line":6,"column":20},"end":{"line":6,"column":49}},"2":{"start":{"line":7,"column":4},"end":{"line":10,"column":6}}},"fnMap":{"0":{"name":"fetchItems","decl":{"start":{"line":5,"column":16},"end":{"line":5,"column":26}},"loc":{"start":{"line":5,"column":28},"end":{"line":11,"column":1}},"line":5}},"branchMap":{},"s":{"0":3,"1":1,"2":1},"f":{"0":1},"b":{},"_coverageSchema":"332fd63041d2c1bcb487cc26dd0d5f7d97098a6c","hash":"6b501ff43cfb34357d04df40770e1441b673abc0"}
,"C:\\Users\\rakes\\Desktop\\myRetail\\src\\components\\carousel.js": {"path":"C:\\Users\\rakes\\Desktop\\myRetail\\src\\components\\carousel.js","statementMap":{"0":{"start":{"line":5,"column":13},"end":{"line":19,"column":1}},"1":{"start":{"line":6,"column":4},"end":{"line":6,"column":23}},"2":{"start":{"line":7,"column":16},"end":{"line":7,"column":27}},"3":{"start":{"line":8,"column":17},"end":{"line":8,"column":29}},"4":{"start":{"line":9,"column":4},"end":{"line":18,"column":13}},"5":{"start":{"line":15,"column":0},"end":{"line":15,"column":45}},"6":{"start":{"line":20,"column":0},"end":{"line":23,"column":4}},"7":{"start":{"line":25,"column":2},"end":{"line":28,"column":4}}},"fnMap":{"0":{"name":"(anonymous_0)","decl":{"start":{"line":5,"column":13},"end":{"line":5,"column":14}},"loc":{"start":{"line":5,"column":23},"end":{"line":19,"column":1}},"line":5},"1":{"name":"(anonymous_1)","decl":{"start":{"line":13,"column":17},"end":{"line":13,"column":18}},"loc":{"start":{"line":13,"column":36},"end":{"line":16,"column":6}},"line":13}},"branchMap":{},"s":{"0":3,"1":1,"2":1,"3":1,"4":1,"5":0,"6":3,"7":3},"f":{"0":1,"1":0},"b":{},"_coverageSchema":"332fd63041d2c1bcb487cc26dd0d5f7d97098a6c","hash":"69c14ba064d3c354e1f77ef354e8312d8fdcc2d1"}
,"C:\\Users\\rakes\\Desktop\\myRetail\\src\\components\\productHighlights.js": {"path":"C:\\Users\\rakes\\Desktop\\myRetail\\src\\components\\productHighlights.js","statementMap":{"0":{"start":{"line":4,"column":26},"end":{"line":16,"column":1}},"1":{"start":{"line":5,"column":20},"end":{"line":5,"column":36}},"2":{"start":{"line":6,"column":3},"end":{"line":15,"column":2}},"3":{"start":{"line":11,"column":12},"end":{"line":11,"column":100}},"4":{"start":{"line":18,"column":0},"end":{"line":20,"column":4}},"5":{"start":{"line":22,"column":2},"end":{"line":24,"column":4}}},"fnMap":{"0":{"name":"(anonymous_0)","decl":{"start":{"line":4,"column":26},"end":{"line":4,"column":27}},"loc":{"start":{"line":4,"column":34},"end":{"line":16,"column":1}},"line":4},"1":{"name":"(anonymous_1)","decl":{"start":{"line":10,"column":24},"end":{"line":10,"column":25}},"loc":{"start":{"line":10,"column":45},"end":{"line":12,"column":11}},"line":10}},"branchMap":{},"s":{"0":3,"1":2,"2":2,"3":2,"4":3,"5":3},"f":{"0":2,"1":2},"b":{},"_coverageSchema":"332fd63041d2c1bcb487cc26dd0d5f7d97098a6c","hash":"1d2286b87f1e4153afe4b88cb660070f9ca046fd"}
,"C:\\Users\\rakes\\Desktop\\myRetail\\src\\components\\promotion.js": {"path":"C:\\Users\\rakes\\Desktop\\myRetail\\src\\components\\promotion.js","statementMap":{"0":{"start":{"line":4,"column":17},"end":{"line":55,"column":1}},"1":{"start":{"line":6,"column":17},"end":{"line":6,"column":29}},"2":{"start":{"line":7,"column":18},"end":{"line":7,"column":31}},"3":{"start":{"line":8,"column":20},"end":{"line":8,"column":35}},"4":{"start":{"line":9,"column":32},"end":{"line":9,"column":59}},"5":{"start":{"line":10,"column":29},"end":{"line":10,"column":31}},"6":{"start":{"line":11,"column":10},"end":{"line":11,"column":11}},"7":{"start":{"line":12,"column":4},"end":{"line":18,"column":1}},"8":{"start":{"line":13,"column":4},"end":{"line":17,"column":5}},"9":{"start":{"line":14,"column":14},"end":{"line":14,"column":15}},"10":{"start":{"line":15,"column":8},"end":{"line":15,"column":80}},"11":{"start":{"line":16,"column":8},"end":{"line":16,"column":12}},"12":{"start":{"line":19,"column":4},"end":{"line":54,"column":6}},"13":{"start":{"line":23,"column":16},"end":{"line":23,"column":87}},"14":{"start":{"line":57,"column":0},"end":{"line":61,"column":4}},"15":{"start":{"line":63,"column":2},"end":{"line":67,"column":4}}},"fnMap":{"0":{"name":"(anonymous_0)","decl":{"start":{"line":4,"column":17},"end":{"line":4,"column":18}},"loc":{"start":{"line":4,"column":28},"end":{"line":55,"column":1}},"line":4},"1":{"name":"(anonymous_1)","decl":{"start":{"line":22,"column":38},"end":{"line":22,"column":39}},"loc":{"start":{"line":22,"column":61},"end":{"line":24,"column":13}},"line":22}},"branchMap":{"0":{"loc":{"start":{"line":12,"column":4},"end":{"line":18,"column":1}},"type":"if","locations":[{"start":{"line":12,"column":4},"end":{"line":18,"column":1}},{"start":{"line":12,"column":4},"end":{"line":18,"column":1}}],"line":12},"1":{"loc":{"start":{"line":12,"column":7},"end":{"line":12,"column":44}},"type":"binary-expr","locations":[{"start":{"line":12,"column":7},"end":{"line":12,"column":27}},{"start":{"line":12,"column":31},"end":{"line":12,"column":44}}],"line":12},"2":{"loc":{"start":{"line":35,"column":13},"end":{"line":36,"column":48}},"type":"binary-expr","locations":[{"start":{"line":35,"column":14},"end":{"line":35,"column":38}},{"start":{"line":35,"column":40},"end":{"line":35,"column":64}},{"start":{"line":36,"column":12},"end":{"line":36,"column":48}}],"line":35},"3":{"loc":{"start":{"line":40,"column":13},"end":{"line":41,"column":42}},"type":"binary-expr","locations":[{"start":{"line":40,"column":14},"end":{"line":40,"column":38}},{"start":{"line":40,"column":40},"end":{"line":40,"column":64}},{"start":{"line":41,"column":12},"end":{"line":41,"column":42}}],"line":40}},"s":{"0":3,"1":8,"2":8,"3":8,"4":8,"5":8,"6":8,"7":8,"8":1,"9":1,"10":1,"11":1,"12":8,"13":1,"14":3,"15":3},"f":{"0":8,"1":1},"b":{"0":[1,7],"1":[8,1],"2":[8,2,6],"3":[8,2,7]},"_coverageSchema":"332fd63041d2c1bcb487cc26dd0d5f7d97098a6c","hash":"dfb57a52430449ff4a8b1b76dd10890d6c05f9f7"}
,"C:\\Users\\rakes\\Desktop\\myRetail\\src\\components\\rating.js": {"path":"C:\\Users\\rakes\\Desktop\\myRetail\\src\\components\\rating.js","statementMap":{"0":{"start":{"line":4,"column":16},"end":{"line":37,"column":1}},"1":{"start":{"line":14,"column":94},"end":{"line":14,"column":99}},"2":{"start":{"line":16,"column":4},"end":{"line":16,"column":27}},"3":{"start":{"line":18,"column":4},"end":{"line":36,"column":10}}},"fnMap":{"0":{"name":"(anonymous_0)","decl":{"start":{"line":4,"column":16},"end":{"line":4,"column":17}},"loc":{"start":{"line":4,"column":26},"end":{"line":37,"column":1}},"line":4}},"branchMap":{},"s":{"0":3,"1":1,"2":1,"3":1},"f":{"0":1},"b":{},"_coverageSchema":"332fd63041d2c1bcb487cc26dd0d5f7d97098a6c","hash":"8e15c6b6880183122fe978b116e1e36487b7e8b8"}
,"C:\\Users\\rakes\\Desktop\\myRetail\\src\\containers\\Retail.jsx": {"path":"C:\\Users\\rakes\\Desktop\\myRetail\\src\\containers\\Retail.jsx","statementMap":{"0":{"start":{"line":11,"column":8},"end":{"line":11,"column":16}},"1":{"start":{"line":17,"column":8},"end":{"line":17,"column":32}},"2":{"start":{"line":20,"column":29},"end":{"line":20,"column":33}},"3":{"start":{"line":20,"column":41},"end":{"line":20,"column":45}},"4":{"start":{"line":20,"column":52},"end":{"line":20,"column":56}},"5":{"start":{"line":20,"column":66},"end":{"line":20,"column":70}},"6":{"start":{"line":21,"column":24},"end":{"line":21,"column":34}},"7":{"start":{"line":22,"column":8},"end":{"line":44,"column":9}},"8":{"start":{"line":24,"column":12},"end":{"line":24,"column":31}},"9":{"start":{"line":25,"column":20},"end":{"line":28,"column":66}},"10":{"start":{"line":30,"column":16},"end":{"line":30,"column":25}},"11":{"start":{"line":31,"column":19},"end":{"line":38,"column":62}},"12":{"start":{"line":40,"column":8},"end":{"line":40,"column":100}},"13":{"start":{"line":41,"column":8},"end":{"line":41,"column":40}},"14":{"start":{"line":42,"column":8},"end":{"line":42,"column":36}},"15":{"start":{"line":43,"column":8},"end":{"line":43,"column":98}},"16":{"start":{"line":47,"column":8},"end":{"line":63,"column":10}},"17":{"start":{"line":67,"column":0},"end":{"line":71,"column":4}},"18":{"start":{"line":73,"column":2},"end":{"line":75,"column":4}},"19":{"start":{"line":79,"column":27},"end":{"line":85,"column":1}},"20":{"start":{"line":80,"column":4},"end":{"line":84,"column":6}},"21":{"start":{"line":82,"column":12},"end":{"line":82,"column":35}},"22":{"start":{"line":87,"column":24},"end":{"line":91,"column":1}},"23":{"start":{"line":88,"column":4},"end":{"line":90,"column":6}}},"fnMap":{"0":{"name":"(anonymous_0)","decl":{"start":{"line":10,"column":4},"end":{"line":10,"column":5}},"loc":{"start":{"line":10,"column":17},"end":{"line":15,"column":5}},"line":10},"1":{"name":"(anonymous_1)","decl":{"start":{"line":16,"column":4},"end":{"line":16,"column":5}},"loc":{"start":{"line":16,"column":23},"end":{"line":18,"column":5}},"line":16},"2":{"name":"(anonymous_2)","decl":{"start":{"line":19,"column":4},"end":{"line":19,"column":5}},"loc":{"start":{"line":19,"column":12},"end":{"line":64,"column":5}},"line":19},"3":{"name":"(anonymous_3)","decl":{"start":{"line":79,"column":27},"end":{"line":79,"column":28}},"loc":{"start":{"line":79,"column":40},"end":{"line":85,"column":1}},"line":79},"4":{"name":"(anonymous_4)","decl":{"start":{"line":81,"column":20},"end":{"line":81,"column":21}},"loc":{"start":{"line":81,"column":26},"end":{"line":83,"column":9}},"line":81},"5":{"name":"(anonymous_5)","decl":{"start":{"line":87,"column":24},"end":{"line":87,"column":25}},"loc":{"start":{"line":87,"column":34},"end":{"line":91,"column":1}},"line":87}},"branchMap":{"0":{"loc":{"start":{"line":22,"column":8},"end":{"line":44,"column":9}},"type":"if","locations":[{"start":{"line":22,"column":8},"end":{"line":44,"column":9}},{"start":{"line":22,"column":8},"end":{"line":44,"column":9}}],"line":22},"1":{"loc":{"start":{"line":22,"column":11},"end":{"line":22,"column":45}},"type":"binary-expr","locations":[{"start":{"line":22,"column":11},"end":{"line":22,"column":27}},{"start":{"line":22,"column":31},"end":{"line":22,"column":45}}],"line":22}},"s":{"0":1,"1":0,"2":1,"3":1,"4":1,"5":1,"6":1,"7":1,"8":0,"9":0,"10":0,"11":0,"12":0,"13":0,"14":0,"15":0,"16":1,"17":2,"18":2,"19":2,"20":0,"21":0,"22":2,"23":0},"f":{"0":1,"1":0,"2":1,"3":0,"4":0,"5":0},"b":{"0":[0,1],"1":[1,1]},"_coverageSchema":"332fd63041d2c1bcb487cc26dd0d5f7d97098a6c","hash":"466f5655df4096c741b20c67e20e6faf918f4195"}
,"C:\\Users\\rakes\\Desktop\\myRetail\\src\\reducers\\index.js": {"path":"C:\\Users\\rakes\\Desktop\\myRetail\\src\\reducers\\index.js","statementMap":{"0":{"start":{"line":4,"column":20},"end":{"line":6,"column":2}}},"fnMap":{},"branchMap":{},"s":{"0":1},"f":{},"b":{},"_coverageSchema":"332fd63041d2c1bcb487cc26dd0d5f7d97098a6c","hash":"fa6a68014031ee80fa7a5ada55ab4dfb314b0488"}
,"C:\\Users\\rakes\\Desktop\\myRetail\\src\\reducers\\item\\index.js": {"path":"C:\\Users\\rakes\\Desktop\\myRetail\\src\\reducers\\item\\index.js","statementMap":{"0":{"start":{"line":4,"column":4},"end":{"line":7,"column":5}},"1":{"start":{"line":6,"column":13},"end":{"line":6,"column":71}},"2":{"start":{"line":8,"column":4},"end":{"line":8,"column":17}}},"fnMap":{"0":{"name":"fetchItems","decl":{"start":{"line":3,"column":24},"end":{"line":3,"column":34}},"loc":{"start":{"line":3,"column":51},"end":{"line":9,"column":1}},"line":3}},"branchMap":{"0":{"loc":{"start":{"line":3,"column":35},"end":{"line":3,"column":43}},"type":"default-arg","locations":[{"start":{"line":3,"column":41},"end":{"line":3,"column":43}}],"line":3},"1":{"loc":{"start":{"line":4,"column":4},"end":{"line":7,"column":5}},"type":"switch","locations":[{"start":{"line":5,"column":8},"end":{"line":6,"column":71}}],"line":4}},"s":{"0":5,"1":1,"2":4},"f":{"0":5},"b":{"0":[3],"1":[1]},"_coverageSchema":"332fd63041d2c1bcb487cc26dd0d5f7d97098a6c","hash":"29c2c4821d2d5eb536211b5addf9059e32bd0b35"}
}
