TN:
SF:C:\Users\rakes\Desktop\myRetail\src\components\productHighlights.js
FN:3,(anonymous_0)
FN:9,(anonymous_1)
FNF:2
FNH:2
FNDA:2,(anonymous_0)
FNDA:2,(anonymous_1)
DA:3,1
DA:4,2
DA:5,2
DA:10,2
DA:17,1
DA:21,1
LF:6
LH:6
BRF:0
BRH:0
end_of_record
TN:
SF:C:\Users\rakes\Desktop\myRetail\src\components\promotion.js
FN:4,(anonymous_0)
FN:23,(anonymous_1)
FNF:2
FNH:2
FNDA:8,(anonymous_0)
FNDA:1,(anonymous_1)
DA:4,1
DA:6,8
DA:7,8
DA:8,8
DA:9,8
DA:10,8
DA:11,8
DA:12,8
DA:13,1
DA:14,1
DA:15,1
DA:16,1
DA:17,1
DA:20,8
DA:24,1
DA:58,1
DA:64,1
LF:17
LH:17
BRDA:12,0,0,1
BRDA:12,0,1,7
BRDA:12,1,0,8
BRDA:12,1,1,1
BRDA:36,2,0,8
BRDA:36,2,1,2
BRDA:36,2,2,6
BRDA:41,3,0,8
BRDA:41,3,1,2
BRDA:41,3,2,7
BRF:10
BRH:10
end_of_record
TN:
SF:C:\Users\rakes\Desktop\myRetail\src\components\rating.js
FN:4,(anonymous_0)
FNF:1
FNH:1
FNDA:1,(anonymous_0)
DA:4,1
DA:5,1
DA:6,1
DA:7,1
DA:8,1
LF:5
LH:5
BRF:0
BRH:0
end_of_record
