TN:
SF:C:\Users\rakes\Desktop\myRetail\container.js
FN:4,(anonymous_0)
FNF:1
FNH:1
FNDA:1,(anonymous_0)
DA:4,1
DA:5,1
LF:2
LH:2
BRF:0
BRH:0
end_of_record
TN:
SF:C:\Users\rakes\Desktop\myRetail\empty-module.js
FNF:0
FNH:0
DA:1,3
LF:1
LH:1
BRF:0
BRH:0
end_of_record
TN:
SF:C:\Users\rakes\Desktop\myRetail\src\actions\types.js
FNF:0
FNH:0
DA:1,5
LF:1
LH:1
BRF:0
BRH:0
end_of_record
TN:
SF:C:\Users\rakes\Desktop\myRetail\src\actions\item\index.js
FN:5,fetchItems
FNF:1
FNH:1
FNDA:1,fetchItems
DA:1,3
DA:6,1
DA:7,1
LF:3
LH:3
BRF:0
BRH:0
end_of_record
TN:
SF:C:\Users\rakes\Desktop\myRetail\src\components\carousel.js
FN:5,(anonymous_0)
FN:13,(anonymous_1)
FNF:2
FNH:1
FNDA:1,(anonymous_0)
FNDA:0,(anonymous_1)
DA:5,3
DA:6,1
DA:7,1
DA:8,1
DA:9,1
DA:15,0
DA:20,3
DA:25,3
LF:8
LH:7
BRF:0
BRH:0
end_of_record
TN:
SF:C:\Users\rakes\Desktop\myRetail\src\components\productHighlights.js
FN:4,(anonymous_0)
FN:10,(anonymous_1)
FNF:2
FNH:2
FNDA:2,(anonymous_0)
FNDA:2,(anonymous_1)
DA:4,3
DA:5,2
DA:6,2
DA:11,2
DA:18,3
DA:22,3
LF:6
LH:6
BRF:0
BRH:0
end_of_record
TN:
SF:C:\Users\rakes\Desktop\myRetail\src\components\promotion.js
FN:4,(anonymous_0)
FN:22,(anonymous_1)
FNF:2
FNH:2
FNDA:8,(anonymous_0)
FNDA:1,(anonymous_1)
DA:4,3
DA:6,8
DA:7,8
DA:8,8
DA:9,8
DA:10,8
DA:11,8
DA:12,8
DA:13,1
DA:14,1
DA:15,1
DA:16,1
DA:19,8
DA:23,1
DA:57,3
DA:63,3
LF:16
LH:16
BRDA:12,0,0,1
BRDA:12,0,1,7
BRDA:12,1,0,8
BRDA:12,1,1,1
BRDA:35,2,0,8
BRDA:35,2,1,2
BRDA:35,2,2,6
BRDA:40,3,0,8
BRDA:40,3,1,2
BRDA:40,3,2,7
BRF:10
BRH:10
end_of_record
TN:
SF:C:\Users\rakes\Desktop\myRetail\src\components\rating.js
FN:4,(anonymous_0)
FNF:1
FNH:1
FNDA:1,(anonymous_0)
DA:4,3
DA:14,1
DA:16,1
DA:18,1
LF:4
LH:4
BRF:0
BRH:0
end_of_record
TN:
SF:C:\Users\rakes\Desktop\myRetail\src\containers\Retail.jsx
FN:10,(anonymous_0)
FN:16,(anonymous_1)
FN:19,(anonymous_2)
FN:79,(anonymous_3)
FN:81,(anonymous_4)
FN:87,(anonymous_5)
FNF:6
FNH:2
FNDA:1,(anonymous_0)
FNDA:0,(anonymous_1)
FNDA:1,(anonymous_2)
FNDA:0,(anonymous_3)
FNDA:0,(anonymous_4)
FNDA:0,(anonymous_5)
DA:11,1
DA:17,0
DA:20,1
DA:21,1
DA:22,1
DA:24,0
DA:25,0
DA:30,0
DA:31,0
DA:40,0
DA:41,0
DA:42,0
DA:43,0
DA:47,1
DA:67,2
DA:73,2
DA:79,2
DA:80,0
DA:82,0
DA:87,2
DA:88,0
LF:21
LH:9
BRDA:22,0,0,0
BRDA:22,0,1,1
BRDA:22,1,0,1
BRDA:22,1,1,1
BRF:4
BRH:3
end_of_record
TN:
SF:C:\Users\rakes\Desktop\myRetail\src\reducers\index.js
FNF:0
FNH:0
DA:4,1
LF:1
LH:1
BRF:0
BRH:0
end_of_record
TN:
SF:C:\Users\rakes\Desktop\myRetail\src\reducers\item\index.js
FN:3,fetchItems
FNF:1
FNH:1
FNDA:5,fetchItems
DA:4,5
DA:6,1
DA:8,4
LF:3
LH:3
BRDA:3,0,0,3
BRDA:4,1,0,1
BRF:2
BRH:2
end_of_record
